<?xml version="1.0" encoding="UTF-8"?>
<testsuite name="com.hyeonjin.admin.web.HelloControllerTest" tests="2" skipped="0" failures="0" errors="0" timestamp="2022-05-12T07:58:22" hostname="DESKTOP-E7EPOP3" time="0.102">
  <properties/>
  <testcase name="hello가_리턴된다" classname="com.hyeonjin.admin.web.HelloControllerTest" time="0.042"/>
  <testcase name="helloDto가_리턴된다" classname="com.hyeonjin.admin.web.HelloControllerTest" time="0.06"/>
  <system-out><![CDATA[2022-05-12 16:58:21.846  INFO 5720 --- [    Test worker] .b.t.a.w.s.WebMvcTestContextBootstrapper : Neither @ContextConfiguration nor @ContextHierarchy found for test class [com.hyeonjin.admin.web.HelloControllerTest], using SpringBootContextLoader
2022-05-12 16:58:21.846  INFO 5720 --- [    Test worker] o.s.t.c.support.AbstractContextLoader    : Could not detect default resource locations for test class [com.hyeonjin.admin.web.HelloControllerTest]: no resource found for suffixes {-context.xml, Context.groovy}.
2022-05-12 16:58:21.846  INFO 5720 --- [    Test worker] t.c.s.AnnotationConfigContextLoaderUtils : Could not detect default configuration classes for test class [com.hyeonjin.admin.web.HelloControllerTest]: HelloControllerTest does not declare any static, non-private, non-final, nested classes annotated with @Configuration.
2022-05-12 16:58:21.861  INFO 5720 --- [    Test worker] .b.t.c.SpringBootTestContextBootstrapper : Found @SpringBootConfiguration com.hyeonjin.admin.Application for test class com.hyeonjin.admin.web.HelloControllerTest
2022-05-12 16:58:21.861  INFO 5720 --- [    Test worker] .b.t.a.w.s.WebMvcTestContextBootstrapper : Loaded default TestExecutionListener class names from location [META-INF/spring.factories]: [org.springframework.security.test.context.support.WithSecurityContextTestExecutionListener, org.springframework.security.test.context.support.ReactorContextTestExecutionListener, org.springframework.boot.test.autoconfigure.restdocs.RestDocsTestExecutionListener, org.springframework.boot.test.autoconfigure.web.client.MockRestServiceServerResetTestExecutionListener, org.springframework.boot.test.autoconfigure.web.servlet.MockMvcPrintOnlyOnFailureTestExecutionListener, org.springframework.boot.test.autoconfigure.web.servlet.WebDriverTestExecutionListener, org.springframework.boot.test.mock.mockito.MockitoTestExecutionListener, org.springframework.boot.test.mock.mockito.ResetMocksTestExecutionListener, org.springframework.test.context.web.ServletTestExecutionListener, org.springframework.test.context.support.DirtiesContextBeforeModesTestExecutionListener, org.springframework.test.context.support.DependencyInjectionTestExecutionListener, org.springframework.test.context.support.DirtiesContextTestExecutionListener, org.springframework.test.context.transaction.TransactionalTestExecutionListener, org.springframework.test.context.jdbc.SqlScriptsTestExecutionListener]
2022-05-12 16:58:21.862  INFO 5720 --- [    Test worker] .b.t.a.w.s.WebMvcTestContextBootstrapper : Using TestExecutionListeners: [org.springframework.test.context.web.ServletTestExecutionListener@16dbe91, org.springframework.test.context.support.DirtiesContextBeforeModesTestExecutionListener@6c01e5, org.springframework.boot.test.mock.mockito.MockitoTestExecutionListener@442972, org.springframework.boot.test.autoconfigure.SpringBootDependencyInjectionTestExecutionListener@1c3028c, org.springframework.test.context.support.DirtiesContextTestExecutionListener@140b853, org.springframework.test.context.transaction.TransactionalTestExecutionListener@137e4b7, org.springframework.test.context.jdbc.SqlScriptsTestExecutionListener@5146da, org.springframework.security.test.context.support.WithSecurityContextTestExecutionListener@135eabe, org.springframework.security.test.context.support.ReactorContextTestExecutionListener@103472b, org.springframework.boot.test.autoconfigure.restdocs.RestDocsTestExecutionListener@10b10a0, org.springframework.boot.test.autoconfigure.web.client.MockRestServiceServerResetTestExecutionListener@12afbcd, org.springframework.boot.test.autoconfigure.web.servlet.MockMvcPrintOnlyOnFailureTestExecutionListener@19a938c, org.springframework.boot.test.autoconfigure.web.servlet.WebDriverTestExecutionListener@71be4b, org.springframework.boot.test.mock.mockito.ResetMocksTestExecutionListener@1763235]

  .   ____          _            __ _ _
 /\\ / ___'_ __ _ _(_)_ __  __ _ \ \ \ \
( ( )\___ | '_ | '_| | '_ \/ _` | \ \ \ \
 \\/  ___)| |_)| | | | | || (_| |  ) ) ) )
  '  |____| .__|_| |_|_| |_\__, | / / / /
 =========|_|==============|___/=/_/_/_/
 :: Spring Boot ::        (v2.1.7.RELEASE)

2022-05-12 16:58:21.894  INFO 5720 --- [    Test worker] c.h.admin.web.HelloControllerTest        : Starting HelloControllerTest on DESKTOP-E7EPOP3 with PID 5720 (started by hyeonjin in E:\workspace\IdeaProjects\freelec-springboot2-webservice)
2022-05-12 16:58:21.894  INFO 5720 --- [    Test worker] c.h.admin.web.HelloControllerTest        : The following profiles are active: oauth
2022-05-12 16:58:22.199  INFO 5720 --- [    Test worker] o.s.s.concurrent.ThreadPoolTaskExecutor  : Initializing ExecutorService 'applicationTaskExecutor'
2022-05-12 16:58:22.217  INFO 5720 --- [    Test worker] o.s.b.a.w.s.WelcomePageHandlerMapping    : Adding welcome page template: index
2022-05-12 16:58:22.335  INFO 5720 --- [    Test worker] .s.s.UserDetailsServiceAutoConfiguration : 

Using generated security password: da383363-307c-4663-8203-b9808c3e4196

2022-05-12 16:58:22.416  INFO 5720 --- [    Test worker] o.s.s.web.DefaultSecurityFilterChain     : Creating filter chain: any request, [org.springframework.security.web.context.request.async.WebAsyncManagerIntegrationFilter@d592cc, org.springframework.security.web.context.SecurityContextPersistenceFilter@11874d8, org.springframework.security.web.header.HeaderWriterFilter@1393c5a, org.springframework.security.web.csrf.CsrfFilter@16cd2c3, org.springframework.security.web.authentication.logout.LogoutFilter@12ba1b6, org.springframework.security.web.authentication.UsernamePasswordAuthenticationFilter@153fb51, org.springframework.security.web.authentication.ui.DefaultLoginPageGeneratingFilter@6a9904, org.springframework.security.web.authentication.ui.DefaultLogoutPageGeneratingFilter@6826b7, org.springframework.security.web.authentication.www.BasicAuthenticationFilter@97fd4e, org.springframework.security.web.savedrequest.RequestCacheAwareFilter@7cc668, org.springframework.security.web.servletapi.SecurityContextHolderAwareRequestFilter@9be291, org.springframework.security.web.authentication.AnonymousAuthenticationFilter@164c839, org.springframework.security.web.session.SessionManagementFilter@4a12f4, org.springframework.security.web.access.ExceptionTranslationFilter@166239, org.springframework.security.web.access.intercept.FilterSecurityInterceptor@1b71915]
2022-05-12 16:58:22.440  INFO 5720 --- [    Test worker] o.s.b.t.m.w.SpringBootMockServletContext : Initializing Spring TestDispatcherServlet ''
2022-05-12 16:58:22.440  INFO 5720 --- [    Test worker] o.s.t.web.servlet.TestDispatcherServlet  : Initializing Servlet ''
2022-05-12 16:58:22.447  INFO 5720 --- [    Test worker] o.s.t.web.servlet.TestDispatcherServlet  : Completed initialization in 7 ms
2022-05-12 16:58:22.464  INFO 5720 --- [    Test worker] c.h.admin.web.HelloControllerTest        : Started HelloControllerTest in 0.601 seconds (JVM running for 5.746)
]]></system-out>
  <system-err><![CDATA[]]></system-err>
</testsuite>
