<?xml version="1.0" encoding="UTF-8"?>
<testsuite name="com.hyeonjin.admin.web.IndexControllerTest" tests="1" skipped="0" failures="0" errors="0" timestamp="2022-05-12T07:58:24" hostname="DESKTOP-E7EPOP3" time="0.119">
  <properties/>
  <testcase name="메인페이지_로딩" classname="com.hyeonjin.admin.web.IndexControllerTest" time="0.119"/>
  <system-out><![CDATA[2022-05-12 16:58:22.569  INFO 5720 --- [    Test worker] .b.t.c.SpringBootTestContextBootstrapper : Neither @ContextConfiguration nor @ContextHierarchy found for test class [com.hyeonjin.admin.web.IndexControllerTest], using SpringBootContextLoader
2022-05-12 16:58:22.570  INFO 5720 --- [    Test worker] o.s.t.c.support.AbstractContextLoader    : Could not detect default resource locations for test class [com.hyeonjin.admin.web.IndexControllerTest]: no resource found for suffixes {-context.xml, Context.groovy}.
2022-05-12 16:58:22.570  INFO 5720 --- [    Test worker] t.c.s.AnnotationConfigContextLoaderUtils : Could not detect default configuration classes for test class [com.hyeonjin.admin.web.IndexControllerTest]: IndexControllerTest does not declare any static, non-private, non-final, nested classes annotated with @Configuration.
2022-05-12 16:58:22.571  INFO 5720 --- [    Test worker] .b.t.c.SpringBootTestContextBootstrapper : Found @SpringBootConfiguration com.hyeonjin.admin.Application for test class com.hyeonjin.admin.web.IndexControllerTest
2022-05-12 16:58:22.571  INFO 5720 --- [    Test worker] .b.t.c.SpringBootTestContextBootstrapper : Loaded default TestExecutionListener class names from location [META-INF/spring.factories]: [org.springframework.security.test.context.support.WithSecurityContextTestExecutionListener, org.springframework.security.test.context.support.ReactorContextTestExecutionListener, org.springframework.boot.test.autoconfigure.restdocs.RestDocsTestExecutionListener, org.springframework.boot.test.autoconfigure.web.client.MockRestServiceServerResetTestExecutionListener, org.springframework.boot.test.autoconfigure.web.servlet.MockMvcPrintOnlyOnFailureTestExecutionListener, org.springframework.boot.test.autoconfigure.web.servlet.WebDriverTestExecutionListener, org.springframework.boot.test.mock.mockito.MockitoTestExecutionListener, org.springframework.boot.test.mock.mockito.ResetMocksTestExecutionListener, org.springframework.test.context.web.ServletTestExecutionListener, org.springframework.test.context.support.DirtiesContextBeforeModesTestExecutionListener, org.springframework.test.context.support.DependencyInjectionTestExecutionListener, org.springframework.test.context.support.DirtiesContextTestExecutionListener, org.springframework.test.context.transaction.TransactionalTestExecutionListener, org.springframework.test.context.jdbc.SqlScriptsTestExecutionListener]
2022-05-12 16:58:22.572  INFO 5720 --- [    Test worker] .b.t.c.SpringBootTestContextBootstrapper : Using TestExecutionListeners: [org.springframework.test.context.web.ServletTestExecutionListener@135340c, org.springframework.test.context.support.DirtiesContextBeforeModesTestExecutionListener@1f6d20c, org.springframework.boot.test.mock.mockito.MockitoTestExecutionListener@10c621, org.springframework.boot.test.autoconfigure.SpringBootDependencyInjectionTestExecutionListener@1660f9b, org.springframework.test.context.support.DirtiesContextTestExecutionListener@139d3ef, org.springframework.test.context.transaction.TransactionalTestExecutionListener@e40336, org.springframework.test.context.jdbc.SqlScriptsTestExecutionListener@9ffc5, org.springframework.security.test.context.support.WithSecurityContextTestExecutionListener@1ca3808, org.springframework.security.test.context.support.ReactorContextTestExecutionListener@8124f5, org.springframework.boot.test.autoconfigure.restdocs.RestDocsTestExecutionListener@c46660, org.springframework.boot.test.autoconfigure.web.client.MockRestServiceServerResetTestExecutionListener@1285d6a, org.springframework.boot.test.autoconfigure.web.servlet.MockMvcPrintOnlyOnFailureTestExecutionListener@1fe377f, org.springframework.boot.test.autoconfigure.web.servlet.WebDriverTestExecutionListener@311ef9, org.springframework.boot.test.mock.mockito.ResetMocksTestExecutionListener@13d8139]

  .   ____          _            __ _ _
 /\\ / ___'_ __ _ _(_)_ __  __ _ \ \ \ \
( ( )\___ | '_ | '_| | '_ \/ _` | \ \ \ \
 \\/  ___)| |_)| | | | | || (_| |  ) ) ) )
  '  |____| .__|_| |_|_| |_\__, | / / / /
 =========|_|==============|___/=/_/_/_/
 :: Spring Boot ::        (v2.1.7.RELEASE)

2022-05-12 16:58:22.606  INFO 5720 --- [    Test worker] c.h.admin.web.IndexControllerTest        : Starting IndexControllerTest on DESKTOP-E7EPOP3 with PID 5720 (started by hyeonjin in E:\workspace\IdeaProjects\freelec-springboot2-webservice)
2022-05-12 16:58:22.606  INFO 5720 --- [    Test worker] c.h.admin.web.IndexControllerTest        : The following profiles are active: oauth
2022-05-12 16:58:22.745  INFO 5720 --- [    Test worker] .s.d.r.c.RepositoryConfigurationDelegate : Bootstrapping Spring Data repositories in DEFAULT mode.
2022-05-12 16:58:22.754  INFO 5720 --- [    Test worker] .s.d.r.c.RepositoryConfigurationDelegate : Finished Spring Data repository scanning in 9ms. Found 2 repository interfaces.
2022-05-12 16:58:22.818  INFO 5720 --- [    Test worker] trationDelegate$BeanPostProcessorChecker : Bean 'org.springframework.transaction.annotation.ProxyTransactionManagementConfiguration' of type [org.springframework.transaction.annotation.ProxyTransactionManagementConfiguration$$EnhancerBySpringCGLIB$$a8ad6198] is not eligible for getting processed by all BeanPostProcessors (for example: not eligible for auto-proxying)
2022-05-12 16:58:22.995  INFO 5720 --- [    Test worker] o.s.b.w.embedded.tomcat.TomcatWebServer  : Tomcat initialized with port(s): 0 (http)
2022-05-12 16:58:23.014  INFO 5720 --- [    Test worker] o.apache.catalina.core.StandardService   : Starting service [Tomcat]
2022-05-12 16:58:23.014  INFO 5720 --- [    Test worker] org.apache.catalina.core.StandardEngine  : Starting Servlet engine: [Apache Tomcat/9.0.22]
2022-05-12 16:58:23.114  INFO 5720 --- [    Test worker] o.a.c.c.C.[Tomcat].[localhost].[/]       : Initializing Spring embedded WebApplicationContext
2022-05-12 16:58:23.114  INFO 5720 --- [    Test worker] o.s.web.context.ContextLoader            : Root WebApplicationContext: initialization completed in 506 ms
2022-05-12 16:58:23.236  INFO 5720 --- [    Test worker] com.zaxxer.hikari.HikariDataSource       : HikariPool-2 - Starting...
2022-05-12 16:58:23.237  INFO 5720 --- [    Test worker] com.zaxxer.hikari.HikariDataSource       : HikariPool-2 - Start completed.
2022-05-12 16:58:23.256  INFO 5720 --- [    Test worker] o.hibernate.jpa.internal.util.LogHelper  : HHH000204: Processing PersistenceUnitInfo [
	name: default
	...]
2022-05-12 16:58:23.262  INFO 5720 --- [    Test worker] org.hibernate.dialect.Dialect            : HHH000400: Using dialect: org.hibernate.dialect.MySQL5InnoDBDialect
Hibernate: drop table if exists posts
Hibernate: drop table if exists user
Hibernate: create table posts (id bigint not null auto_increment, created_date datetime, modified_date datetime, author varchar(255), content TEXT not null, num integer, title varchar(5000) not null, primary key (id)) engine=InnoDB
Hibernate: create table user (id bigint not null auto_increment, created_date datetime, modified_date datetime, email varchar(255) not null, name varchar(255) not null, picture varchar(255), role varchar(255) not null, primary key (id)) engine=InnoDB
2022-05-12 16:58:23.299  INFO 5720 --- [    Test worker] o.h.t.schema.internal.SchemaCreatorImpl  : HHH000476: Executing import script 'org.hibernate.tool.schema.internal.exec.ScriptSourceInputNonExistentImpl@1cc69d6'
2022-05-12 16:58:23.299  INFO 5720 --- [    Test worker] j.LocalContainerEntityManagerFactoryBean : Initialized JPA EntityManagerFactory for persistence unit 'default'
2022-05-12 16:58:23.504  INFO 5720 --- [    Test worker] o.h.h.i.QueryTranslatorFactoryInitiator  : HHH000397: Using ASTQueryTranslatorFactory
2022-05-12 16:58:23.603  INFO 5720 --- [    Test worker] o.s.s.web.DefaultSecurityFilterChain     : Creating filter chain: any request, [org.springframework.security.web.context.request.async.WebAsyncManagerIntegrationFilter@1dc8eb9, org.springframework.security.web.context.SecurityContextPersistenceFilter@721631, org.springframework.security.web.header.HeaderWriterFilter@126d2fd, org.springframework.security.web.authentication.logout.LogoutFilter@113a177, org.springframework.security.oauth2.client.web.OAuth2AuthorizationRequestRedirectFilter@3ebefb, org.springframework.security.oauth2.client.web.OAuth2LoginAuthenticationFilter@ac8a70, org.springframework.security.web.authentication.ui.DefaultLoginPageGeneratingFilter@1eafa65, org.springframework.security.web.authentication.ui.DefaultLogoutPageGeneratingFilter@84bd5a, org.springframework.security.web.savedrequest.RequestCacheAwareFilter@1698549, org.springframework.security.web.servletapi.SecurityContextHolderAwareRequestFilter@2d1aa3, org.springframework.security.web.authentication.AnonymousAuthenticationFilter@1ec1b97, org.springframework.security.web.session.SessionManagementFilter@6340f, org.springframework.security.web.access.ExceptionTranslationFilter@1a596a0, org.springframework.security.web.access.intercept.FilterSecurityInterceptor@1a28fef]
2022-05-12 16:58:23.723  INFO 5720 --- [    Test worker] o.s.s.concurrent.ThreadPoolTaskExecutor  : Initializing ExecutorService 'applicationTaskExecutor'
2022-05-12 16:58:23.733  WARN 5720 --- [    Test worker] aWebConfiguration$JpaWebMvcConfiguration : spring.jpa.open-in-view is enabled by default. Therefore, database queries may be performed during view rendering. Explicitly configure spring.jpa.open-in-view to disable this warning
2022-05-12 16:58:23.751  INFO 5720 --- [    Test worker] o.s.b.a.w.s.WelcomePageHandlerMapping    : Adding welcome page template: index
2022-05-12 16:58:23.988  INFO 5720 --- [    Test worker] s.a.ScheduledAnnotationBeanPostProcessor : No TaskScheduler/ScheduledExecutorService bean found for scheduled processing
2022-05-12 16:58:24.000  INFO 5720 --- [    Test worker] o.s.b.w.embedded.tomcat.TomcatWebServer  : Tomcat started on port(s): 7842 (http) with context path ''
2022-05-12 16:58:24.000  INFO 5720 --- [    Test worker] c.h.admin.web.IndexControllerTest        : Started IndexControllerTest in 1.427 seconds (JVM running for 7.282)
2022-05-12 16:58:24.067  INFO 5720 --- [o-auto-1-exec-1] o.a.c.c.C.[Tomcat].[localhost].[/]       : Initializing Spring DispatcherServlet 'dispatcherServlet'
2022-05-12 16:58:24.068  INFO 5720 --- [o-auto-1-exec-1] o.s.web.servlet.DispatcherServlet        : Initializing Servlet 'dispatcherServlet'
2022-05-12 16:58:24.079  INFO 5720 --- [o-auto-1-exec-1] o.s.web.servlet.DispatcherServlet        : Completed initialization in 11 ms
Hibernate: select posts0_.id as id1_0_, posts0_.created_date as created_2_0_, posts0_.modified_date as modified3_0_, posts0_.author as author4_0_, posts0_.content as content5_0_, posts0_.num as num6_0_, posts0_.title as title7_0_ from posts posts0_ order by posts0_.id DESC
]]></system-out>
  <system-err><![CDATA[]]></system-err>
</testsuite>
