<?xml version="1.0" encoding="UTF-8"?>
<testsuite name="com.hyeonjin.admin.web.PostsApiControllerTest" tests="1" skipped="0" failures="0" errors="0" timestamp="2022-05-11T13:16:25" hostname="choehyeonjin-ui-MacBookAir.local" time="0.237">
  <properties/>
  <testcase name="Posts_수정된다" classname="com.hyeonjin.admin.web.PostsApiControllerTest" time="0.237"/>
  <system-out><![CDATA[22:16:21.924 [Test worker] DEBUG org.springframework.test.context.junit4.SpringJUnit4ClassRunner - SpringJUnit4ClassRunner constructor called with [class com.hyeonjin.admin.web.PostsApiControllerTest]
22:16:21.929 [Test worker] DEBUG org.springframework.test.context.BootstrapUtils - Instantiating CacheAwareContextLoaderDelegate from class [org.springframework.test.context.cache.DefaultCacheAwareContextLoaderDelegate]
22:16:21.936 [Test worker] DEBUG org.springframework.test.context.BootstrapUtils - Instantiating BootstrapContext using constructor [public org.springframework.test.context.support.DefaultBootstrapContext(java.lang.Class,org.springframework.test.context.CacheAwareContextLoaderDelegate)]
22:16:21.945 [Test worker] DEBUG org.springframework.test.context.BootstrapUtils - Instantiating TestContextBootstrapper for test class [com.hyeonjin.admin.web.PostsApiControllerTest] from class [org.springframework.boot.test.context.SpringBootTestContextBootstrapper]
22:16:21.949 [Test worker] INFO org.springframework.boot.test.context.SpringBootTestContextBootstrapper - Neither @ContextConfiguration nor @ContextHierarchy found for test class [com.hyeonjin.admin.web.PostsApiControllerTest], using SpringBootContextLoader
22:16:21.950 [Test worker] DEBUG org.springframework.test.context.support.AbstractContextLoader - Did not detect default resource location for test class [com.hyeonjin.admin.web.PostsApiControllerTest]: class path resource [com/hyeonjin/admin/web/PostsApiControllerTest-context.xml] does not exist
22:16:21.950 [Test worker] DEBUG org.springframework.test.context.support.AbstractContextLoader - Did not detect default resource location for test class [com.hyeonjin.admin.web.PostsApiControllerTest]: class path resource [com/hyeonjin/admin/web/PostsApiControllerTestContext.groovy] does not exist
22:16:21.950 [Test worker] INFO org.springframework.test.context.support.AbstractContextLoader - Could not detect default resource locations for test class [com.hyeonjin.admin.web.PostsApiControllerTest]: no resource found for suffixes {-context.xml, Context.groovy}.
22:16:21.951 [Test worker] INFO org.springframework.test.context.support.AnnotationConfigContextLoaderUtils - Could not detect default configuration classes for test class [com.hyeonjin.admin.web.PostsApiControllerTest]: PostsApiControllerTest does not declare any static, non-private, non-final, nested classes annotated with @Configuration.
22:16:21.971 [Test worker] DEBUG org.springframework.test.context.support.ActiveProfilesUtils - Could not find an 'annotation declaring class' for annotation type [org.springframework.test.context.ActiveProfiles] and class [com.hyeonjin.admin.web.PostsApiControllerTest]
22:16:22.029 [Test worker] DEBUG org.springframework.context.annotation.ClassPathScanningCandidateComponentProvider - Identified candidate component class: file [/Users/hyeonjin/workspace/ideaProcjets/freelec-springboot2-webservice/build/classes/java/main/com/hyeonjin/admin/Application.class]
22:16:22.029 [Test worker] INFO org.springframework.boot.test.context.SpringBootTestContextBootstrapper - Found @SpringBootConfiguration com.hyeonjin.admin.Application for test class com.hyeonjin.admin.web.PostsApiControllerTest
22:16:22.083 [Test worker] DEBUG org.springframework.boot.test.context.SpringBootTestContextBootstrapper - @TestExecutionListeners is not present for class [com.hyeonjin.admin.web.PostsApiControllerTest]: using defaults.
22:16:22.084 [Test worker] INFO org.springframework.boot.test.context.SpringBootTestContextBootstrapper - Loaded default TestExecutionListener class names from location [META-INF/spring.factories]: [org.springframework.security.test.context.support.WithSecurityContextTestExecutionListener, org.springframework.security.test.context.support.ReactorContextTestExecutionListener, org.springframework.boot.test.autoconfigure.restdocs.RestDocsTestExecutionListener, org.springframework.boot.test.autoconfigure.web.client.MockRestServiceServerResetTestExecutionListener, org.springframework.boot.test.autoconfigure.web.servlet.MockMvcPrintOnlyOnFailureTestExecutionListener, org.springframework.boot.test.autoconfigure.web.servlet.WebDriverTestExecutionListener, org.springframework.boot.test.mock.mockito.MockitoTestExecutionListener, org.springframework.boot.test.mock.mockito.ResetMocksTestExecutionListener, org.springframework.test.context.web.ServletTestExecutionListener, org.springframework.test.context.support.DirtiesContextBeforeModesTestExecutionListener, org.springframework.test.context.support.DependencyInjectionTestExecutionListener, org.springframework.test.context.support.DirtiesContextTestExecutionListener, org.springframework.test.context.transaction.TransactionalTestExecutionListener, org.springframework.test.context.jdbc.SqlScriptsTestExecutionListener]
22:16:22.094 [Test worker] INFO org.springframework.boot.test.context.SpringBootTestContextBootstrapper - Using TestExecutionListeners: [org.springframework.test.context.web.ServletTestExecutionListener@5d1460cb, org.springframework.test.context.support.DirtiesContextBeforeModesTestExecutionListener@63af6a3a, org.springframework.boot.test.mock.mockito.MockitoTestExecutionListener@6a41438b, org.springframework.boot.test.autoconfigure.SpringBootDependencyInjectionTestExecutionListener@57246c41, org.springframework.test.context.support.DirtiesContextTestExecutionListener@29c84c56, org.springframework.test.context.transaction.TransactionalTestExecutionListener@31ae1def, org.springframework.test.context.jdbc.SqlScriptsTestExecutionListener@51135d4a, org.springframework.security.test.context.support.WithSecurityContextTestExecutionListener@2521654d, org.springframework.security.test.context.support.ReactorContextTestExecutionListener@4e602743, org.springframework.boot.test.autoconfigure.restdocs.RestDocsTestExecutionListener@f600a05, org.springframework.boot.test.autoconfigure.web.client.MockRestServiceServerResetTestExecutionListener@44d2ffae, org.springframework.boot.test.autoconfigure.web.servlet.MockMvcPrintOnlyOnFailureTestExecutionListener@6a77f174, org.springframework.boot.test.autoconfigure.web.servlet.WebDriverTestExecutionListener@25628946, org.springframework.boot.test.mock.mockito.ResetMocksTestExecutionListener@2a5d8fcd]
22:16:22.098 [Test worker] DEBUG org.springframework.test.annotation.ProfileValueUtils - Retrieved @ProfileValueSourceConfiguration [null] for test class [com.hyeonjin.admin.web.PostsApiControllerTest]
22:16:22.098 [Test worker] DEBUG org.springframework.test.annotation.ProfileValueUtils - Retrieved ProfileValueSource type [class org.springframework.test.annotation.SystemProfileValueSource] for class [com.hyeonjin.admin.web.PostsApiControllerTest]
22:16:22.100 [Test worker] DEBUG org.springframework.test.annotation.ProfileValueUtils - Retrieved @ProfileValueSourceConfiguration [null] for test class [com.hyeonjin.admin.web.PostsApiControllerTest]
22:16:22.100 [Test worker] DEBUG org.springframework.test.annotation.ProfileValueUtils - Retrieved ProfileValueSource type [class org.springframework.test.annotation.SystemProfileValueSource] for class [com.hyeonjin.admin.web.PostsApiControllerTest]
22:16:22.100 [Test worker] DEBUG org.springframework.test.annotation.ProfileValueUtils - Retrieved @ProfileValueSourceConfiguration [null] for test class [com.hyeonjin.admin.web.PostsApiControllerTest]
22:16:22.100 [Test worker] DEBUG org.springframework.test.annotation.ProfileValueUtils - Retrieved ProfileValueSource type [class org.springframework.test.annotation.SystemProfileValueSource] for class [com.hyeonjin.admin.web.PostsApiControllerTest]
22:16:22.102 [Test worker] DEBUG org.springframework.test.context.support.AbstractDirtiesContextTestExecutionListener - Before test class: context [DefaultTestContext@4912601 testClass = PostsApiControllerTest, testInstance = [null], testMethod = [null], testException = [null], mergedContextConfiguration = [WebMergedContextConfiguration@752b5417 testClass = PostsApiControllerTest, locations = '{}', classes = '{class com.hyeonjin.admin.Application}', contextInitializerClasses = '[]', activeProfiles = '{}', propertySourceLocations = '{}', propertySourceProperties = '{org.springframework.boot.test.context.SpringBootTestContextBootstrapper=true, server.port=0}', contextCustomizers = set[org.springframework.boot.test.autoconfigure.properties.PropertyMappingContextCustomizer@0, org.springframework.boot.test.autoconfigure.web.servlet.WebDriverContextCustomizerFactory$Customizer@2b64f041, org.springframework.boot.test.context.filter.ExcludeFilterContextCustomizer@1bd2777b, org.springframework.boot.test.json.DuplicateJsonObjectContextCustomizerFactory$DuplicateJsonObjectContextCustomizer@3963c4de, org.springframework.boot.test.mock.mockito.MockitoContextCustomizer@0, org.springframework.boot.test.web.client.TestRestTemplateContextCustomizer@267cad48], resourceBasePath = 'src/main/webapp', contextLoader = 'org.springframework.boot.test.context.SpringBootContextLoader', parent = [null]], attributes = map['org.springframework.test.context.web.ServletTestExecutionListener.activateListener' -> false]], class annotated with @DirtiesContext [false] with mode [null].
22:16:22.102 [Test worker] DEBUG org.springframework.test.annotation.ProfileValueUtils - Retrieved @ProfileValueSourceConfiguration [null] for test class [com.hyeonjin.admin.web.PostsApiControllerTest]
22:16:22.103 [Test worker] DEBUG org.springframework.test.annotation.ProfileValueUtils - Retrieved ProfileValueSource type [class org.springframework.test.annotation.SystemProfileValueSource] for class [com.hyeonjin.admin.web.PostsApiControllerTest]
22:16:22.105 [Test worker] DEBUG org.springframework.test.context.support.DependencyInjectionTestExecutionListener - Performing dependency injection for test context [[DefaultTestContext@4912601 testClass = PostsApiControllerTest, testInstance = com.hyeonjin.admin.web.PostsApiControllerTest@15fb0bcd, testMethod = [null], testException = [null], mergedContextConfiguration = [WebMergedContextConfiguration@752b5417 testClass = PostsApiControllerTest, locations = '{}', classes = '{class com.hyeonjin.admin.Application}', contextInitializerClasses = '[]', activeProfiles = '{}', propertySourceLocations = '{}', propertySourceProperties = '{org.springframework.boot.test.context.SpringBootTestContextBootstrapper=true, server.port=0}', contextCustomizers = set[org.springframework.boot.test.autoconfigure.properties.PropertyMappingContextCustomizer@0, org.springframework.boot.test.autoconfigure.web.servlet.WebDriverContextCustomizerFactory$Customizer@2b64f041, org.springframework.boot.test.context.filter.ExcludeFilterContextCustomizer@1bd2777b, org.springframework.boot.test.json.DuplicateJsonObjectContextCustomizerFactory$DuplicateJsonObjectContextCustomizer@3963c4de, org.springframework.boot.test.mock.mockito.MockitoContextCustomizer@0, org.springframework.boot.test.web.client.TestRestTemplateContextCustomizer@267cad48], resourceBasePath = 'src/main/webapp', contextLoader = 'org.springframework.boot.test.context.SpringBootContextLoader', parent = [null]], attributes = map['org.springframework.test.context.web.ServletTestExecutionListener.activateListener' -> false]]].
22:16:22.116 [Test worker] DEBUG org.springframework.test.context.support.TestPropertySourceUtils - Adding inlined properties to environment: {spring.jmx.enabled=false, org.springframework.boot.test.context.SpringBootTestContextBootstrapper=true, server.port=0}

  .   ____          _            __ _ _
 /\\ / ___'_ __ _ _(_)_ __  __ _ \ \ \ \
( ( )\___ | '_ | '_| | '_ \/ _` | \ \ \ \
 \\/  ___)| |_)| | | | | || (_| |  ) ) ) )
  '  |____| .__|_| |_|_| |_\__, | / / / /
 =========|_|==============|___/=/_/_/_/
 :: Spring Boot ::        (v2.1.7.RELEASE)

2022-05-11 22:16:22.464  INFO 4221 --- [    Test worker] c.h.admin.web.PostsApiControllerTest     : Starting PostsApiControllerTest on choehyeonjin-ui-MacBookAir.local with PID 4221 (started by hyeonjin in /Users/hyeonjin/workspace/ideaProcjets/freelec-springboot2-webservice)
2022-05-11 22:16:22.465  INFO 4221 --- [    Test worker] c.h.admin.web.PostsApiControllerTest     : The following profiles are active: oauth
2022-05-11 22:16:22.838  INFO 4221 --- [    Test worker] .s.d.r.c.RepositoryConfigurationDelegate : Bootstrapping Spring Data repositories in DEFAULT mode.
2022-05-11 22:16:22.880  INFO 4221 --- [    Test worker] .s.d.r.c.RepositoryConfigurationDelegate : Finished Spring Data repository scanning in 37ms. Found 2 repository interfaces.
2022-05-11 22:16:23.155  INFO 4221 --- [    Test worker] trationDelegate$BeanPostProcessorChecker : Bean 'org.springframework.transaction.annotation.ProxyTransactionManagementConfiguration' of type [org.springframework.transaction.annotation.ProxyTransactionManagementConfiguration$$EnhancerBySpringCGLIB$$48843934] is not eligible for getting processed by all BeanPostProcessors (for example: not eligible for auto-proxying)
2022-05-11 22:16:23.367  INFO 4221 --- [    Test worker] o.s.b.w.embedded.tomcat.TomcatWebServer  : Tomcat initialized with port(s): 0 (http)
2022-05-11 22:16:23.383  INFO 4221 --- [    Test worker] o.apache.catalina.core.StandardService   : Starting service [Tomcat]
2022-05-11 22:16:23.383  INFO 4221 --- [    Test worker] org.apache.catalina.core.StandardEngine  : Starting Servlet engine: [Apache Tomcat/9.0.22]
2022-05-11 22:16:23.444  INFO 4221 --- [    Test worker] o.a.c.c.C.[Tomcat].[localhost].[/]       : Initializing Spring embedded WebApplicationContext
2022-05-11 22:16:23.444  INFO 4221 --- [    Test worker] o.s.web.context.ContextLoader            : Root WebApplicationContext: initialization completed in 963 ms
2022-05-11 22:16:23.579  INFO 4221 --- [    Test worker] com.zaxxer.hikari.HikariDataSource       : HikariPool-1 - Starting...
2022-05-11 22:16:23.682  INFO 4221 --- [    Test worker] com.zaxxer.hikari.HikariDataSource       : HikariPool-1 - Start completed.
2022-05-11 22:16:23.748  INFO 4221 --- [    Test worker] o.hibernate.jpa.internal.util.LogHelper  : HHH000204: Processing PersistenceUnitInfo [
	name: default
	...]
2022-05-11 22:16:23.789  INFO 4221 --- [    Test worker] org.hibernate.Version                    : HHH000412: Hibernate Core {5.3.10.Final}
2022-05-11 22:16:23.790  INFO 4221 --- [    Test worker] org.hibernate.cfg.Environment            : HHH000206: hibernate.properties not found
2022-05-11 22:16:23.887  INFO 4221 --- [    Test worker] o.hibernate.annotations.common.Version   : HCANN000001: Hibernate Commons Annotations {5.0.4.Final}
2022-05-11 22:16:23.970  INFO 4221 --- [    Test worker] org.hibernate.dialect.Dialect            : HHH000400: Using dialect: org.hibernate.dialect.MySQL5InnoDBDialect
Hibernate: drop table if exists posts
Hibernate: drop table if exists user
Hibernate: create table posts (id bigint not null auto_increment, created_date datetime, modified_date datetime, author varchar(255), content TEXT not null, num integer, title varchar(5000) not null, primary key (id)) engine=InnoDB
Hibernate: create table user (id bigint not null auto_increment, created_date datetime, modified_date datetime, email varchar(255) not null, name varchar(255) not null, picture varchar(255), role varchar(255) not null, primary key (id)) engine=InnoDB
2022-05-11 22:16:24.344  INFO 4221 --- [    Test worker] o.h.t.schema.internal.SchemaCreatorImpl  : HHH000476: Executing import script 'org.hibernate.tool.schema.internal.exec.ScriptSourceInputNonExistentImpl@13e0b668'
2022-05-11 22:16:24.346  INFO 4221 --- [    Test worker] j.LocalContainerEntityManagerFactoryBean : Initialized JPA EntityManagerFactory for persistence unit 'default'
2022-05-11 22:16:24.945  INFO 4221 --- [    Test worker] o.h.h.i.QueryTranslatorFactoryInitiator  : HHH000397: Using ASTQueryTranslatorFactory
2022-05-11 22:16:25.221  INFO 4221 --- [    Test worker] o.s.s.web.DefaultSecurityFilterChain     : Creating filter chain: any request, [org.springframework.security.web.context.request.async.WebAsyncManagerIntegrationFilter@22df7f19, org.springframework.security.web.context.SecurityContextPersistenceFilter@18717935, org.springframework.security.web.header.HeaderWriterFilter@563dcef9, org.springframework.security.web.authentication.logout.LogoutFilter@39fef32a, org.springframework.security.oauth2.client.web.OAuth2AuthorizationRequestRedirectFilter@18023489, org.springframework.security.oauth2.client.web.OAuth2LoginAuthenticationFilter@33ca1c87, org.springframework.security.web.authentication.ui.DefaultLoginPageGeneratingFilter@7e377f5a, org.springframework.security.web.authentication.ui.DefaultLogoutPageGeneratingFilter@703f5fcc, org.springframework.security.web.savedrequest.RequestCacheAwareFilter@19e82701, org.springframework.security.web.servletapi.SecurityContextHolderAwareRequestFilter@7699b24f, org.springframework.security.web.authentication.AnonymousAuthenticationFilter@5c70801a, org.springframework.security.web.session.SessionManagementFilter@1d772316, org.springframework.security.web.access.ExceptionTranslationFilter@75ef9b71, org.springframework.security.web.access.intercept.FilterSecurityInterceptor@4203f6af]
2022-05-11 22:16:25.423  INFO 4221 --- [    Test worker] o.s.s.concurrent.ThreadPoolTaskExecutor  : Initializing ExecutorService 'applicationTaskExecutor'
2022-05-11 22:16:25.456  WARN 4221 --- [    Test worker] aWebConfiguration$JpaWebMvcConfiguration : spring.jpa.open-in-view is enabled by default. Therefore, database queries may be performed during view rendering. Explicitly configure spring.jpa.open-in-view to disable this warning
2022-05-11 22:16:25.488  INFO 4221 --- [    Test worker] o.s.b.a.w.s.WelcomePageHandlerMapping    : Adding welcome page template: index
2022-05-11 22:16:25.679  INFO 4221 --- [    Test worker] s.a.ScheduledAnnotationBeanPostProcessor : No TaskScheduler/ScheduledExecutorService bean found for scheduled processing
2022-05-11 22:16:25.694  INFO 4221 --- [    Test worker] o.s.b.w.embedded.tomcat.TomcatWebServer  : Tomcat started on port(s): 50238 (http) with context path ''
2022-05-11 22:16:25.696  INFO 4221 --- [    Test worker] c.h.admin.web.PostsApiControllerTest     : Started PostsApiControllerTest in 3.579 seconds (JVM running for 4.064)
2022-05-11 22:16:25.744  INFO 4221 --- [    Test worker] o.a.c.c.C.[Tomcat].[localhost].[/]       : Initializing Spring TestDispatcherServlet ''
2022-05-11 22:16:25.744  INFO 4221 --- [    Test worker] o.s.t.web.servlet.TestDispatcherServlet  : Initializing Servlet ''
2022-05-11 22:16:25.752  INFO 4221 --- [    Test worker] o.s.t.web.servlet.TestDispatcherServlet  : Completed initialization in 8 ms
Hibernate: insert into posts (created_date, modified_date, author, content, num, title) values (?, ?, ?, ?, ?, ?)
Hibernate: select posts0_.id as id1_0_0_, posts0_.created_date as created_2_0_0_, posts0_.modified_date as modified3_0_0_, posts0_.author as author4_0_0_, posts0_.content as content5_0_0_, posts0_.num as num6_0_0_, posts0_.title as title7_0_0_ from posts posts0_ where posts0_.id=?
Hibernate: update posts set created_date=?, modified_date=?, author=?, content=?, num=?, title=? where id=?
Hibernate: select posts0_.id as id1_0_, posts0_.created_date as created_2_0_, posts0_.modified_date as modified3_0_, posts0_.author as author4_0_, posts0_.content as content5_0_, posts0_.num as num6_0_, posts0_.title as title7_0_ from posts posts0_
Hibernate: select posts0_.id as id1_0_, posts0_.created_date as created_2_0_, posts0_.modified_date as modified3_0_, posts0_.author as author4_0_, posts0_.content as content5_0_, posts0_.num as num6_0_, posts0_.title as title7_0_ from posts posts0_
Hibernate: delete from posts where id=?
]]></system-out>
  <system-err><![CDATA[]]></system-err>
</testsuite>
